  stdafx.cpp
c:\users\yui\source\repos\mycode\apitraning\07.shooting\based\framework80\client\stdafx.cpp : warning C4819: 현재 코드 페이지(949)에서 표시할 수 없는 문자가 파일에 들어 있습니다. 데이터가 손실되지 않게 하려면 해당 파일을 유니코드 형식으로 저장하십시오.
c:\users\yui\source\repos\mycode\apitraning\07.shooting\based\framework80\client\stdafx.h : warning C4819: 현재 코드 페이지(949)에서 표시할 수 없는 문자가 파일에 들어 있습니다. 데이터가 손실되지 않게 하려면 해당 파일을 유니코드 형식으로 저장하십시오.
c:\users\yui\source\repos\mycode\apitraning\07.shooting\based\framework80\client\targetver.h : warning C4819: 현재 코드 페이지(949)에서 표시할 수 없는 문자가 파일에 들어 있습니다. 데이터가 손실되지 않게 하려면 해당 파일을 유니코드 형식으로 저장하십시오.
  StateManager.cpp
  StateContext.cpp
  StartMove.cpp
  Player.cpp
  PatrolMon.cpp
  Idle.cpp
  Holdon.cpp
  Ellised.cpp
  Client.cpp
c:\users\yui\source\repos\mycode\apitraning\07.shooting\based\framework80\client\client.cpp : warning C4819: 현재 코드 페이지(949)에서 표시할 수 없는 문자가 파일에 들어 있습니다. 데이터가 손실되지 않게 하려면 해당 파일을 유니코드 형식으로 저장하십시오.
c:\users\yui\source\repos\mycode\apitraning\07.shooting\based\framework80\client\resource.h : warning C4819: 현재 코드 페이지(949)에서 표시할 수 없는 문자가 파일에 들어 있습니다. 데이터가 손실되지 않게 하려면 해당 파일을 유니코드 형식으로 저장하십시오.
  CObj.cpp
  CMainGame.cpp
  Bullet.cpp
  Attack.cpp
  코드를 생성하고 있습니다...
  Client.vcxproj -> C:\Users\YUI\Source\Repos\MyCode\APItraning\07.Shooting\Based\FrameWork80\Debug\Client.exe
  Client.vcxproj -> C:\Users\YUI\Source\Repos\MyCode\APItraning\07.Shooting\Based\FrameWork80\Debug\Client.pdb (Partial PDB)
